16:37:28.886 [main] INFO  factory.BaseClass - the user selects Birthday/Aniversary occasion... 
16:37:29.000 [main] INFO  factory.BaseClass - user enters the amount {string} in amount section and selects valid inputs... 
16:37:29.158 [main] INFO  factory.BaseClass - user clicks next button... 
16:37:29.274 [main] INFO  factory.BaseClass - User passes values from excel.. 
16:37:30.187 [main] INFO  factory.BaseClass - User clicks submit button.. 
16:37:46.291 [main] INFO  factory.BaseClass - User checks page is visible ?.. 
16:37:56.310 [main] INFO  factory.BaseClass - the user successfully navigating to the Giftcard page... 
16:38:03.789 [main] INFO  factory.BaseClass - the user selects Birthday/Aniversary occasion... 
16:38:03.859 [main] INFO  factory.BaseClass - user enters the amount {string} in amount section and selects valid inputs... 
16:38:04.076 [main] INFO  factory.BaseClass - user clicks next button... 
16:38:04.326 [main] INFO  factory.BaseClass - User passes values from excel.. 
16:38:05.700 [main] INFO  factory.BaseClass - User clicks submit button.. 
16:38:21.787 [main] INFO  factory.BaseClass - User checks page is visible ?.. 
16:38:29.131 [main] INFO  factory.BaseClass - search for bookshelves... 
16:38:35.019 [main] INFO  factory.BaseClass - select kids category... 
16:38:37.648 [main] INFO  factory.BaseClass - select in stock... 
16:38:39.900 [main] INFO  factory.BaseClass - priority high to low... 
16:38:40.108 [main] INFO  factory.BaseClass - Print the first three bookshelves... 
16:38:48.211 [main] INFO  factory.BaseClass - Hover mouse to living... 
16:38:51.367 [main] INFO  factory.BaseClass - sub menus should be appeared and print it... 
