16:33:15.114 [main] INFO  factory.BaseClass - the user is in Bookshelves page... 
16:33:15.223 [main] INFO  factory.BaseClass - the user enters the invalid input as search {string}... 
16:33:23.615 [main] INFO  factory.BaseClass - the user is in Bookshelves page... 
16:33:23.753 [main] INFO  factory.BaseClass - the user enters the input as search {string}... 
16:33:33.441 [main] INFO  factory.BaseClass - the user is in Bookshelves page... 
16:33:33.563 [main] INFO  factory.BaseClass - the user enters the input as search {string}... 
16:33:35.428 [main] INFO  factory.BaseClass - user close the authentication popup... 
16:33:46.750 [main] INFO  factory.BaseClass - the user is in Bookshelves page... 
16:33:46.983 [main] INFO  factory.BaseClass - the user enters the input as search {string}... 
16:33:49.108 [main] INFO  factory.BaseClass - user close the authentication popup... 
16:33:52.229 [main] INFO  factory.BaseClass - user set the category... 
16:33:54.775 [main] INFO  factory.BaseClass - user set price in dropdown... 
16:34:02.950 [main] INFO  factory.BaseClass - the user is in Bookshelves page... 
16:34:03.094 [main] INFO  factory.BaseClass - the user enters the input as search {string}... 
16:34:05.242 [main] INFO  factory.BaseClass - user close the authentication popup... 
16:34:08.215 [main] INFO  factory.BaseClass - user set the category... 
16:34:10.830 [main] INFO  factory.BaseClass - user set price in dropdown... 
16:34:11.109 [main] INFO  factory.BaseClass - user get the first three items name and price in console... 
16:34:19.105 [main] INFO  factory.BaseClass - the user scrolls up to Header... 
16:34:27.196 [main] INFO  factory.BaseClass - User clicks on living storage header... 
16:34:30.412 [main] INFO  factory.BaseClass - the user scrolls up to Header... 
16:34:38.350 [main] INFO  factory.BaseClass - the user clicks on table section... 
16:34:39.336 [main] INFO  factory.BaseClass - the user scrolls up to Header... 
16:34:49.183 [main] INFO  factory.BaseClass - the user scrolls up to Header... 
16:34:49.319 [main] INFO  factory.BaseClass - User clicks on living storage header... 
16:34:52.514 [main] INFO  factory.BaseClass - User extracts all items under living storage... 
16:35:01.383 [main] INFO  factory.BaseClass - the user successfully navigating to the Giftcard page... 
16:35:16.546 [main] INFO  factory.BaseClass - the user successfully navigating to the Giftcard page... 
16:35:23.203 [main] INFO  factory.BaseClass - the user selects Birthday/Aniversary occasion... 
16:35:31.981 [main] INFO  factory.BaseClass - the user successfully navigating to the Giftcard page... 
16:35:39.599 [main] INFO  factory.BaseClass - the user selects Birthday/Aniversary occasion... 
16:35:39.695 [main] INFO  factory.BaseClass - user enters the amount {string} in amount section and selects invalid inputs... 
16:35:39.941 [main] INFO  factory.BaseClass - user clicks next button... 
16:35:49.012 [main] INFO  factory.BaseClass - the user successfully navigating to the Giftcard page... 
16:35:55.756 [main] INFO  factory.BaseClass - the user selects Birthday/Aniversary occasion... 
16:35:55.833 [main] INFO  factory.BaseClass - user clicks next button... 
16:36:03.098 [main] INFO  factory.BaseClass - the user successfully navigating to the Giftcard page... 
16:36:09.435 [main] INFO  factory.BaseClass - the user selects Birthday/Aniversary occasion... 
16:36:09.503 [main] INFO  factory.BaseClass - user enters the amount {string} in amount section and selects valid inputs... 
16:36:09.623 [main] INFO  factory.BaseClass - user clicks next button... 
16:36:17.414 [main] INFO  factory.BaseClass - the user successfully navigating to the Giftcard page... 
16:36:24.168 [main] INFO  factory.BaseClass - the user selects Birthday/Aniversary occasion... 
16:36:24.257 [main] INFO  factory.BaseClass - user enters the amount {string} in amount section and selects valid inputs... 
16:36:24.406 [main] INFO  factory.BaseClass - user clicks next button... 
16:36:24.554 [main] INFO  factory.BaseClass - User passes value from excel.. 
16:36:26.373 [main] INFO  factory.BaseClass - User clicks submit button.. 
16:36:42.498 [main] INFO  factory.BaseClass - User checks page is visible ?.. 
16:36:50.426 [main] INFO  factory.BaseClass - the user successfully navigating to the Giftcard page... 
16:36:57.132 [main] INFO  factory.BaseClass - the user selects Birthday/Aniversary occasion... 
16:36:57.197 [main] INFO  factory.BaseClass - user enters the amount {string} in amount section and selects valid inputs... 
16:36:57.313 [main] INFO  factory.BaseClass - user clicks next button... 
16:36:57.403 [main] INFO  factory.BaseClass - User passes values from excel.. 
16:36:58.247 [main] INFO  factory.BaseClass - User clicks submit button.. 
16:37:14.357 [main] INFO  factory.BaseClass - User checks page is visible ?.. 
16:37:22.137 [main] INFO  factory.BaseClass - the user successfully navigating to the Giftcard page... 
